2019-05-22 09:27:16 [restartedMain] INFO  com.example.DemoApplication : 
 Starting DemoApplication on DESKTOP-SU5RU57 with PID 19688 (D:\ZWSJ\spring-boot-demo\target\classes started by asus in D:\ZWSJ\spring-boot-demo) 
2019-05-22 09:27:16 [restartedMain] DEBUG com.example.DemoApplication : 
 Running with Spring Boot v2.0.5.RELEASE, Spring v5.0.9.RELEASE 
2019-05-22 09:27:16 [restartedMain] INFO  com.example.DemoApplication : 
 The following profiles are active: dev 
2019-05-22 09:27:29 [restartedMain] INFO  com.example.DemoApplication : 
 Started DemoApplication in 15.286 seconds (JVM running for 20.796) 
2019-05-22 09:32:56 [restartedMain] INFO  com.example.DemoApplication : 
 Starting DemoApplication on DESKTOP-SU5RU57 with PID 5824 (D:\ZWSJ\spring-boot-demo\target\classes started by asus in D:\ZWSJ\spring-boot-demo) 
2019-05-22 09:32:56 [restartedMain] DEBUG com.example.DemoApplication : 
 Running with Spring Boot v2.0.5.RELEASE, Spring v5.0.9.RELEASE 
2019-05-22 09:32:56 [restartedMain] INFO  com.example.DemoApplication : 
 The following profiles are active: dev 
2019-05-22 09:33:06 [restartedMain] INFO  com.example.DemoApplication : 
 Started DemoApplication in 12.481 seconds (JVM running for 14.379) 
2019-05-22 10:50:53 [restartedMain] INFO  com.example.DemoApplication : 
 Starting DemoApplication on DESKTOP-SU5RU57 with PID 8584 (D:\ZWSJ\spring-boot-demo\target\classes started by asus in D:\ZWSJ\spring-boot-demo) 
2019-05-22 10:50:53 [restartedMain] DEBUG com.example.DemoApplication : 
 Running with Spring Boot v2.0.5.RELEASE, Spring v5.0.9.RELEASE 
2019-05-22 10:50:54 [restartedMain] INFO  com.example.DemoApplication : 
 The following profiles are active: dev 
2019-05-22 10:51:06 [restartedMain] INFO  com.example.DemoApplication : 
 Started DemoApplication in 14.839 seconds (JVM running for 17.185) 
2019-05-22 10:55:59 [restartedMain] INFO  com.example.DemoApplication : 
 Starting DemoApplication on DESKTOP-SU5RU57 with PID 3876 (D:\ZWSJ\spring-boot-demo\target\classes started by asus in D:\ZWSJ\spring-boot-demo) 
2019-05-22 10:55:59 [restartedMain] DEBUG com.example.DemoApplication : 
 Running with Spring Boot v2.0.5.RELEASE, Spring v5.0.9.RELEASE 
2019-05-22 10:55:59 [restartedMain] INFO  com.example.DemoApplication : 
 The following profiles are active: dev 
2019-05-22 10:56:12 [restartedMain] INFO  com.example.DemoApplication : 
 Started DemoApplication in 14.178 seconds (JVM running for 15.875) 
2019-05-22 11:01:29 [restartedMain] INFO  com.example.DemoApplication : 
 Starting DemoApplication on DESKTOP-SU5RU57 with PID 20048 (D:\ZWSJ\spring-boot-demo\target\classes started by asus in D:\ZWSJ\spring-boot-demo) 
2019-05-22 11:01:29 [restartedMain] DEBUG com.example.DemoApplication : 
 Running with Spring Boot v2.0.5.RELEASE, Spring v5.0.9.RELEASE 
2019-05-22 11:01:29 [restartedMain] INFO  com.example.DemoApplication : 
 The following profiles are active: dev 
2019-05-22 11:01:41 [restartedMain] INFO  com.example.DemoApplication : 
 Started DemoApplication in 13.361 seconds (JVM running for 14.975) 
2019-05-22 15:23:03 [restartedMain] INFO  com.example.DemoApplication : 
 Starting DemoApplication on DESKTOP-SU5RU57 with PID 20048 (D:\ZWSJ\spring-boot-demo\target\classes started by asus in D:\ZWSJ\spring-boot-demo) 
2019-05-22 15:23:03 [restartedMain] DEBUG com.example.DemoApplication : 
 Running with Spring Boot v2.0.5.RELEASE, Spring v5.0.9.RELEASE 
2019-05-22 15:23:03 [restartedMain] INFO  com.example.DemoApplication : 
 The following profiles are active: dev 
2019-05-22 15:23:09 [restartedMain] INFO  com.example.DemoApplication : 
 Started DemoApplication in 6.298 seconds (JVM running for 15703.342) 
2019-05-22 15:23:15 [main] INFO  c.e.demo.controller.TestController : 
 Starting TestController on DESKTOP-SU5RU57 with PID 11180 (started by asus in D:\ZWSJ\spring-boot-demo) 
2019-05-22 15:23:15 [main] DEBUG c.e.demo.controller.TestController : 
 Running with Spring Boot v2.0.5.RELEASE, Spring v5.0.9.RELEASE 
2019-05-22 15:23:15 [main] INFO  c.e.demo.controller.TestController : 
 The following profiles are active: dev 
2019-05-22 15:23:29 [main] INFO  c.e.demo.controller.TestController : 
 Started TestController in 17.67 seconds (JVM running for 23.316) 
2019-05-22 15:24:25 [main] INFO  c.e.demo.controller.TestController : 
 Starting TestController on DESKTOP-SU5RU57 with PID 1996 (started by asus in D:\ZWSJ\spring-boot-demo) 
2019-05-22 15:24:25 [main] DEBUG c.e.demo.controller.TestController : 
 Running with Spring Boot v2.0.5.RELEASE, Spring v5.0.9.RELEASE 
2019-05-22 15:24:25 [main] INFO  c.e.demo.controller.TestController : 
 The following profiles are active: dev 
2019-05-22 15:24:40 [main] INFO  c.e.demo.controller.TestController : 
 Started TestController in 17.689 seconds (JVM running for 21.532) 
2019-05-22 15:29:33 [main] INFO  c.e.demo.controller.TestController : 
 Starting TestController on DESKTOP-SU5RU57 with PID 6160 (started by asus in D:\ZWSJ\spring-boot-demo) 
2019-05-22 15:29:33 [main] DEBUG c.e.demo.controller.TestController : 
 Running with Spring Boot v2.0.5.RELEASE, Spring v5.0.9.RELEASE 
2019-05-22 15:29:33 [main] INFO  c.e.demo.controller.TestController : 
 The following profiles are active: dev 
2019-05-22 15:29:50 [main] INFO  c.e.demo.controller.TestController : 
 Started TestController in 19.96 seconds (JVM running for 23.938) 
2019-05-22 16:29:42 [restartedMain] INFO  com.example.DemoApplication : 
 Starting DemoApplication on DESKTOP-SU5RU57 with PID 20048 (D:\ZWSJ\spring-boot-demo\target\classes started by asus in D:\ZWSJ\spring-boot-demo) 
2019-05-22 16:29:42 [restartedMain] DEBUG com.example.DemoApplication : 
 Running with Spring Boot v2.0.5.RELEASE, Spring v5.0.9.RELEASE 
2019-05-22 16:29:42 [restartedMain] INFO  com.example.DemoApplication : 
 The following profiles are active: dev 
2019-05-22 16:29:50 [main] INFO  c.e.d.c.LambdaControllerTest : 
 Starting LambdaControllerTest on DESKTOP-SU5RU57 with PID 3108 (started by asus in D:\ZWSJ\spring-boot-demo) 
2019-05-22 16:29:50 [main] DEBUG c.e.d.c.LambdaControllerTest : 
 Running with Spring Boot v2.0.5.RELEASE, Spring v5.0.9.RELEASE 
2019-05-22 16:29:50 [main] INFO  c.e.d.c.LambdaControllerTest : 
 The following profiles are active: dev 
2019-05-22 16:29:54 [restartedMain] INFO  com.example.DemoApplication : 
 Started DemoApplication in 12.394 seconds (JVM running for 19708.351) 
2019-05-22 16:30:08 [main] INFO  c.e.d.c.LambdaControllerTest : 
 Started LambdaControllerTest in 21.601 seconds (JVM running for 26.421) 
2019-05-22 17:25:12 [main] INFO  c.e.d.c.LambdaControllerTest : 
 Starting LambdaControllerTest on DESKTOP-SU5RU57 with PID 7776 (started by asus in D:\ZWSJ\spring-boot-demo) 
2019-05-22 17:25:12 [main] DEBUG c.e.d.c.LambdaControllerTest : 
 Running with Spring Boot v2.0.5.RELEASE, Spring v5.0.9.RELEASE 
2019-05-22 17:25:12 [main] INFO  c.e.d.c.LambdaControllerTest : 
 The following profiles are active: dev 
2019-05-22 17:25:27 [main] INFO  c.e.d.c.LambdaControllerTest : 
 Started LambdaControllerTest in 18.294 seconds (JVM running for 21.591) 
2019-05-22 17:26:14 [main] INFO  c.e.d.c.LambdaControllerTest : 
 Starting LambdaControllerTest on DESKTOP-SU5RU57 with PID 18496 (started by asus in D:\ZWSJ\spring-boot-demo) 
2019-05-22 17:26:14 [main] DEBUG c.e.d.c.LambdaControllerTest : 
 Running with Spring Boot v2.0.5.RELEASE, Spring v5.0.9.RELEASE 
2019-05-22 17:26:14 [main] INFO  c.e.d.c.LambdaControllerTest : 
 The following profiles are active: dev 
2019-05-22 17:26:32 [main] INFO  c.e.d.c.LambdaControllerTest : 
 Started LambdaControllerTest in 21.119 seconds (JVM running for 24.736) 
